ecd353
*   82430a Merge commit 'afc2471f09ec9c97d92d3c0dfds0db9739bd5636' into final e1
|\  
| *   afc25431 Merge commit 'f21cdb08a45685263b35fds320a601ad6db03eae' into top
| |\  
| * | 9f319bDSQF7 c1
* | |   fVCCfgd1487f3 Merge commit 'f21cdb08a4568fds63b35a56320a601ad6db03eae' into bottom d2
|\ \ \  
| | |/  
| |/|   
| * |   f21cdbdfs0 Merge commit 'bc5d3beec3617c36ifa2ec778f151dfd28c165af3' into HEAD
| |\ \  
| | |/  
| | * bc5d3gsdfbe b1
* | | b35b5gs92 c3
|/ /  
* | csfg2602b3 b2
|/  
* d219efsdgc1 a1
tjf324
*   fa19b6e Merge commit '64af' into bot
|\  
| *   64af841 Merge commit 'e055d' into HEAD
| |\  
| | * e055d30 a
* | |   e5139f9 Merge commit 'a8cc50' into bot
|\ \ \  
| |/ /  
| * |   a8cc50f Merge commit 'e4cec' into HEAD
| |\ \  
| | |/  
| |/|   
| * | ae9d07c a
* | | 6775051 a
| |/  
|/|   
* | e4cec66 a
|/  
* 152ae4a a
zp490
*   822490a Merge commit 'afc2471f09ec9c97d92d3c0da6b0db9739bd5636' into final e1
|\  
| *   afc2471 Merge commit 'f21cdb08a45685263b35a56320a601ad6db03eae' into top
| |\  
| * | 9f319b7 c1
* | |   f1487f3 Merge commit 'f21cdb08a45685263b35a56320a601ad6db03eae' into bottom d2
|\ \ \  
| | |/  
| |/|   
| * |   f21cdb0 Merge commit 'bc5d3beec3617c36da2ec778f151dfd28c165af3' into HEAD
| |\ \  
| | |/  
| | * bc5d3be b1
* | | b35b592 c3
|/ /  
* | c2602b3 b2
|/  
* d219ec1 a1
